<?xml version="1.0" encoding="UTF-8"?>
<!-- Generated by org.testng.reporters.JUnitXMLReporter -->
<testsuite hostname="DESKTOP-R5BUPRU" ignored="0" name="test2" tests="4" failures="0" timestamp="2022-08-22T14:03:00 IST" time="11.102" errors="0">
  <testcase name="verifyurl" time="0.172" classname="testNGAssertion.New_Parallel"/>
  <testcase name="verifytitle" time="0.227" classname="testNGAssertion.New_Parallel"/>
  <testcase name="groceryicon" time="0.244" classname="testNGAssertion.New_Parallel"/>
  <testcase name="topoffersicon" time="0.256" classname="testNGAssertion.New_Parallel"/>
</testsuite> <!-- test2 -->
