<?xml version="1.0" encoding="UTF-8"?>
<!-- Generated by org.testng.reporters.JUnitXMLReporter -->
<testsuite hostname="DESKTOP-R5BUPRU" ignored="0" name="Test" tests="10" failures="0" timestamp="2022-08-22T14:38:39 IST" time="19.153" errors="0">
  <testcase name="home" time="0.015" classname="testNGAssertion.New"/>
  <testcase name="login" time="0.03" classname="testNGAssertion.New"/>
  <testcase name="feed" time="0.002" classname="testNGAssertion.New"/>
  <testcase name="verifyurl" time="0.065" classname="testNGAssertion.New_Parallel"/>
  <testcase name="verifytitle" time="0.184" classname="testNGAssertion.New_Parallel"/>
  <testcase name="logout" time="0.001" classname="testNGAssertion.New"/>
  <testcase name="topoffersicon" time="0.184" classname="testNGAssertion.New_Parallel"/>
  <testcase name="groceryicon" time="0.172" classname="testNGAssertion.New_Parallel"/>
  <testcase name="url" time="0.037" classname="testNGAssertion.CheckHardAssertion"/>
  <testcase name="pagetext" time="0.108" classname="testNGAssertion.CheckHardAssertion"/>
</testsuite> <!-- Test -->
