<?xml version="1.0" encoding="UTF-8"?>
<testng-results skipped="0" failed="1" ignored="0" total="4" passed="3">
  <reporter-output>
    <line>
      <![CDATA[Test is sucessfully started]]>
    </line>
    <line>
      <![CDATA[Test is passed]]>
    </line>
    <line>
      <![CDATA[Test is sucessfully started]]>
    </line>
    <line>
      <![CDATA[Test is passed]]>
    </line>
    <line>
      <![CDATA[Test is sucessfully started]]>
    </line>
    <line>
      <![CDATA[Test is passed]]>
    </line>
  </reporter-output>
  <suite name="Default suite" duration-ms="111" started-at="2022-08-22T15:10:41 IST" finished-at="2022-08-22T15:10:41 IST">
    <groups>
    </groups>
    <test name="Default test" duration-ms="111" started-at="2022-08-22T15:10:41 IST" finished-at="2022-08-22T15:10:41 IST">
      <class name="testNGAssertion.New">
        <test-method status="PASS" signature="login()[pri:1, instance:testNGAssertion.New@51e2adc7]" name="login" duration-ms="21" started-at="2022-08-22T15:10:41 IST" finished-at="2022-08-22T15:10:41 IST">
          <reporter-output>
            <line>
              <![CDATA[Test is sucessfully started]]>
            </line>
            <line>
              <![CDATA[Test is passed]]>
            </line>
          </reporter-output>
        </test-method> <!-- login -->
        <test-method status="FAIL" signature="home(java.lang.String,java.lang.String)[pri:2, instance:testNGAssertion.New@51e2adc7]" name="home" duration-ms="0" started-at="2022-08-22T15:10:41 IST" finished-at="2022-08-22T15:10:41 IST">
          <exception class="org.testng.TestNGException">
            <message>
              <![CDATA[
Parameter 'browser' is required by @Test on method home but has not been marked @Optional or defined
in C:\Users\USER\AppData\Local\Temp\testng-eclipse-1952947689\testng-customsuite.xml]]>
            </message>
            <full-stacktrace>
              <![CDATA[org.testng.TestNGException: 
Parameter 'browser' is required by @Test on method home but has not been marked @Optional or defined
in C:\Users\USER\AppData\Local\Temp\testng-eclipse-1952947689\testng-customsuite.xml
at org.testng.internal.Parameters.createParams(Parameters.java:270)
at org.testng.internal.Parameters.createParametersForMethod(Parameters.java:358)
at org.testng.internal.Parameters.createParameters(Parameters.java:700)
at org.testng.internal.Parameters.handleParameters(Parameters.java:884)
at org.testng.internal.Parameters.handleParameters(Parameters.java:740)
at org.testng.internal.ParameterHandler.handleParameters(ParameterHandler.java:59)
at org.testng.internal.ParameterHandler.createParameters(ParameterHandler.java:38)
at org.testng.internal.TestInvoker$MethodInvocationAgent.invoke(TestInvoker.java:791)
at org.testng.internal.TestInvoker.invokeTestMethods(TestInvoker.java:146)
at org.testng.internal.TestMethodWorker.invokeTestMethods(TestMethodWorker.java:146)
at org.testng.internal.TestMethodWorker.run(TestMethodWorker.java:128)
at java.util.ArrayList.forEach(Unknown Source)
at org.testng.TestRunner.privateRun(TestRunner.java:794)
at org.testng.TestRunner.run(TestRunner.java:596)
at org.testng.SuiteRunner.runTest(SuiteRunner.java:377)
at org.testng.SuiteRunner.runSequentially(SuiteRunner.java:371)
at org.testng.SuiteRunner.privateRun(SuiteRunner.java:332)
at org.testng.SuiteRunner.run(SuiteRunner.java:276)
at org.testng.SuiteRunnerWorker.runSuite(SuiteRunnerWorker.java:53)
at org.testng.SuiteRunnerWorker.run(SuiteRunnerWorker.java:96)
at org.testng.TestNG.runSuitesSequentially(TestNG.java:1212)
at org.testng.TestNG.runSuitesLocally(TestNG.java:1134)
at org.testng.TestNG.runSuites(TestNG.java:1063)
at org.testng.TestNG.run(TestNG.java:1031)
at org.testng.remote.AbstractRemoteTestNG.run(AbstractRemoteTestNG.java:115)
at org.testng.remote.RemoteTestNG.initAndRun(RemoteTestNG.java:251)
at org.testng.remote.RemoteTestNG.main(RemoteTestNG.java:77)
]]>
            </full-stacktrace>
          </exception> <!-- org.testng.TestNGException -->
          <reporter-output>
          </reporter-output>
        </test-method> <!-- home -->
        <test-method status="PASS" signature="feed()[pri:3, instance:testNGAssertion.New@51e2adc7]" name="feed" duration-ms="2" started-at="2022-08-22T15:10:41 IST" depends-on-methods="testNGAssertion.New.login" finished-at="2022-08-22T15:10:41 IST">
          <reporter-output>
            <line>
              <![CDATA[Test is sucessfully started]]>
            </line>
            <line>
              <![CDATA[Test is passed]]>
            </line>
          </reporter-output>
        </test-method> <!-- feed -->
        <test-method status="PASS" signature="logout()[pri:4, instance:testNGAssertion.New@51e2adc7]" name="logout" duration-ms="3" started-at="2022-08-22T15:10:41 IST" finished-at="2022-08-22T15:10:41 IST">
          <reporter-output>
            <line>
              <![CDATA[Test is sucessfully started]]>
            </line>
            <line>
              <![CDATA[Test is passed]]>
            </line>
          </reporter-output>
        </test-method> <!-- logout -->
      </class> <!-- testNGAssertion.New -->
    </test> <!-- Default test -->
  </suite> <!-- Default suite -->
</testng-results>
