<?xml version="1.0" encoding="UTF-8"?>
<testng-results skipped="0" failed="0" ignored="0" total="3" passed="3">
  <reporter-output>
    <line>
      <![CDATA[Checking Report]]>
    </line>
  </reporter-output>
  <suite name="Default suite" duration-ms="86" started-at="2022-08-25T17:02:48 IST" finished-at="2022-08-25T17:02:48 IST">
    <groups>
    </groups>
    <test name="Default test" duration-ms="86" started-at="2022-08-25T17:02:48 IST" finished-at="2022-08-25T17:02:48 IST">
      <class name="checkingtest.CheckSequence">
        <test-method status="PASS" signature="testCase1()[pri:-1, instance:checkingtest.CheckSequence@3dfc5fb8]" name="testCase1" duration-ms="12" started-at="2022-08-25T17:02:48 IST" finished-at="2022-08-25T17:02:48 IST">
          <reporter-output>
          </reporter-output>
        </test-method> <!-- testCase1 -->
        <test-method status="PASS" signature="atestCase2()[pri:2, instance:checkingtest.CheckSequence@3dfc5fb8]" name="atestCase2" duration-ms="1" started-at="2022-08-25T17:02:48 IST" finished-at="2022-08-25T17:02:48 IST">
          <reporter-output>
          </reporter-output>
        </test-method> <!-- atestCase2 -->
        <test-method status="PASS" signature="testCase3()[pri:3, instance:checkingtest.CheckSequence@3dfc5fb8]" name="testCase3" duration-ms="3" started-at="2022-08-25T17:02:48 IST" finished-at="2022-08-25T17:02:48 IST">
          <reporter-output>
            <line>
              <![CDATA[Checking Report]]>
            </line>
          </reporter-output>
        </test-method> <!-- testCase3 -->
      </class> <!-- checkingtest.CheckSequence -->
    </test> <!-- Default test -->
  </suite> <!-- Default suite -->
</testng-results>
