<?xml version="1.0" encoding="UTF-8"?>
<!-- Generated by org.testng.reporters.JUnitXMLReporter -->
<testsuite hostname="DESKTOP-R5BUPRU" ignored="0" name="Default test" tests="3" failures="0" timestamp="2022-08-25T17:02:48 IST" time="0.086" errors="0">
  <testcase name="testCase1" time="0.012" classname="checkingtest.CheckSequence"/>
  <testcase name="atestCase2" time="0.001" classname="checkingtest.CheckSequence"/>
  <testcase name="testCase3" time="0.003" classname="checkingtest.CheckSequence"/>
</testsuite> <!-- Default test -->
